# Logfile created on Mon Jan 18 16:25:12 +0100 2010 by logger.rb/22285
D, [2010-01-18T16:25:12.430270 #25573] DEBUG -- : REQUESTING PAGE: GET / with {} and HTTP headers {}
D, [2010-01-18T16:25:52.207988 #25580] DEBUG -- : REQUESTING PAGE: GET / with {} and HTTP headers {}
D, [2010-01-18T16:29:15.104985 #25613] DEBUG -- : REQUESTING PAGE: GET / with {} and HTTP headers {}
D, [2010-01-18T16:29:15.190567 #25613] DEBUG -- : REQUESTING PAGE: GET / with {} and HTTP headers {}
D, [2010-01-18T16:29:15.203456 #25613] DEBUG -- : REQUESTING PAGE: GET http://ov-failkaart.nl/1 with {} and HTTP headers {"HTTP_REFERER"=>"/"}
D, [2010-01-18T16:29:15.234462 #25613] DEBUG -- : REQUESTING PAGE: GET / with {} and HTTP headers {}
D, [2010-01-18T16:29:15.245972 #25613] DEBUG -- : REQUESTING PAGE: GET /123456789 with {} and HTTP headers {"HTTP_REFERER"=>"/"}
D, [2010-01-18T16:29:15.247733 #25613] DEBUG -- : REQUESTING PAGE: GET / with {} and HTTP headers {"HTTP_REFERER"=>"/123456789"}
D, [2010-01-18T16:29:15.279876 #25613] DEBUG -- : REQUESTING PAGE: GET / with {} and HTTP headers {}
D, [2010-01-18T16:29:15.363406 #25613] DEBUG -- : REQUESTING PAGE: POST /fails with {"submit"=>"In/uit checken", "text"=>"Something Else"} and HTTP headers {"HTTP_REFERER"=>"/"}
D, [2010-01-18T16:29:15.370740 #25613] DEBUG -- : REQUESTING PAGE: GET /19 with {} and HTTP headers {"HTTP_REFERER"=>"/fails"}
D, [2010-01-18T16:29:15.399884 #25613] DEBUG -- : REQUESTING PAGE: GET / with {} and HTTP headers {}
D, [2010-01-18T16:29:15.414673 #25613] DEBUG -- : REQUESTING PAGE: POST /fails with {"submit"=>"In/uit checken", "text"=>"Something Else <strong>STRONG</strong>"} and HTTP headers {"HTTP_REFERER"=>"/"}
D, [2010-01-18T16:29:15.423297 #25613] DEBUG -- : REQUESTING PAGE: GET /23 with {} and HTTP headers {"HTTP_REFERER"=>"/fails"}
D, [2010-01-18T16:29:15.451671 #25613] DEBUG -- : REQUESTING PAGE: GET / with {} and HTTP headers {}
D, [2010-01-18T16:29:15.466863 #25613] DEBUG -- : REQUESTING PAGE: POST /fails with {"submit"=>"In/uit checken", "text"=>"Duke Nukem Forever"} and HTTP headers {"HTTP_REFERER"=>"/"}
D, [2010-01-18T16:29:15.473771 #25613] DEBUG -- : REQUESTING PAGE: GET /27 with {} and HTTP headers {"HTTP_REFERER"=>"/fails"}
D, [2010-01-18T16:32:22.813454 #25643] DEBUG -- : REQUESTING PAGE: GET / with {} and HTTP headers {}
D, [2010-01-18T16:32:22.862788 #25643] DEBUG -- : REQUESTING PAGE: GET / with {} and HTTP headers {}
D, [2010-01-18T16:32:22.875534 #25643] DEBUG -- : REQUESTING PAGE: GET http://ov-failkaart.nl/31 with {} and HTTP headers {"HTTP_REFERER"=>"/"}
D, [2010-01-18T16:32:22.914903 #25643] DEBUG -- : REQUESTING PAGE: GET / with {} and HTTP headers {}
D, [2010-01-18T16:32:22.925871 #25643] DEBUG -- : REQUESTING PAGE: GET /123456789 with {} and HTTP headers {"HTTP_REFERER"=>"/"}
D, [2010-01-18T16:32:22.927654 #25643] DEBUG -- : REQUESTING PAGE: GET / with {} and HTTP headers {"HTTP_REFERER"=>"/123456789"}
D, [2010-01-18T16:32:22.959022 #25643] DEBUG -- : REQUESTING PAGE: GET / with {} and HTTP headers {}
D, [2010-01-18T16:32:23.041048 #25643] DEBUG -- : REQUESTING PAGE: POST /fails with {"submit"=>"In/uit checken", "text"=>"Something Else"} and HTTP headers {"HTTP_REFERER"=>"/"}
D, [2010-01-18T16:32:23.043003 #25643] DEBUG -- : REQUESTING PAGE: GET /19 with {} and HTTP headers {"HTTP_REFERER"=>"/fails"}
D, [2010-01-18T16:32:23.086487 #25643] DEBUG -- : REQUESTING PAGE: GET / with {} and HTTP headers {}
D, [2010-01-18T16:32:23.101002 #25643] DEBUG -- : REQUESTING PAGE: POST /fails with {"submit"=>"In/uit checken", "text"=>"Something Else <strong>STRONG</strong>"} and HTTP headers {"HTTP_REFERER"=>"/"}
D, [2010-01-18T16:32:23.102801 #25643] DEBUG -- : REQUESTING PAGE: GET /23 with {} and HTTP headers {"HTTP_REFERER"=>"/fails"}
D, [2010-01-18T16:32:23.129237 #25643] DEBUG -- : REQUESTING PAGE: GET / with {} and HTTP headers {}
D, [2010-01-18T16:32:23.145803 #25643] DEBUG -- : REQUESTING PAGE: POST /fails with {"submit"=>"In/uit checken", "text"=>"Duke Nukem Forever"} and HTTP headers {"HTTP_REFERER"=>"/"}
D, [2010-01-18T16:32:23.148147 #25643] DEBUG -- : REQUESTING PAGE: GET /27 with {} and HTTP headers {"HTTP_REFERER"=>"/fails"}
